{"C:\\Users\\Wahyu Kusuma\\Documents\\Car_BE\\config\\cloudinary.ts": {"path":"C:\\Users\\Wahyu Kusuma\\Documents\\Car_BE\\config\\cloudinary.ts","statementMap":{"0":{"start":{"line":1,"column":0},"end":{"line":1,"column":46}},"1":{"start":{"line":2,"column":0},"end":{"line":2,"column":28}},"2":{"start":{"line":3,"column":0},"end":{"line":3,"column":16}},"3":{"start":{"line":5,"column":0},"end":{"line":10,"column":3}},"4":{"start":{"line":12,"column":0},"end":{"line":12,"column":26}}},"fnMap":{},"branchMap":{},"s":{"0":1,"1":1,"2":1,"3":1,"4":1},"f":{},"b":{}}
,"C:\\Users\\Wahyu Kusuma\\Documents\\Car_BE\\config\\postgreesql.ts": {"path":"C:\\Users\\Wahyu Kusuma\\Documents\\Car_BE\\config\\postgreesql.ts","statementMap":{"0":{"start":{"line":1,"column":0},"end":{"line":1,"column":24}},"1":{"start":{"line":2,"column":0},"end":{"line":2,"column":28}},"2":{"start":{"line":3,"column":0},"end":{"line":3,"column":16}},"3":{"start":{"line":5,"column":21},"end":{"line":12,"column":2}},"4":{"start":{"line":14,"column":0},"end":{"line":14,"column":28}}},"fnMap":{},"branchMap":{},"s":{"0":2,"1":2,"2":2,"3":2,"4":2},"f":{},"b":{}}
,"C:\\Users\\Wahyu Kusuma\\Documents\\Car_BE\\src\\app.ts": {"path":"C:\\Users\\Wahyu Kusuma\\Documents\\Car_BE\\src\\app.ts","statementMap":{"0":{"start":{"line":1,"column":0},"end":{"line":1,"column":47}},"1":{"start":{"line":2,"column":0},"end":{"line":2,"column":42}},"2":{"start":{"line":3,"column":0},"end":{"line":3,"column":66}},"3":{"start":{"line":5,"column":0},"end":{"line":5,"column":42}},"4":{"start":{"line":6,"column":0},"end":{"line":6,"column":48}},"5":{"start":{"line":7,"column":0},"end":{"line":7,"column":28}},"6":{"start":{"line":8,"column":0},"end":{"line":8,"column":24}},"7":{"start":{"line":9,"column":0},"end":{"line":9,"column":16}},"8":{"start":{"line":11,"column":25},"end":{"line":11,"column":34}},"9":{"start":{"line":12,"column":13},"end":{"line":12,"column":33}},"10":{"start":{"line":15,"column":0},"end":{"line":15,"column":24}},"11":{"start":{"line":16,"column":0},"end":{"line":16,"column":16}},"12":{"start":{"line":19,"column":20},"end":{"line":19,"column":37}},"13":{"start":{"line":20,"column":20},"end":{"line":20,"column":37}},"14":{"start":{"line":26,"column":0},"end":{"line":31,"column":2}},"15":{"start":{"line":34,"column":0},"end":{"line":34,"column":42}},"16":{"start":{"line":35,"column":0},"end":{"line":39,"column":2}},"17":{"start":{"line":42,"column":0},"end":{"line":47,"column":2}},"18":{"start":{"line":50,"column":0},"end":{"line":54,"column":2}},"19":{"start":{"line":59,"column":0},"end":{"line":63,"column":2}},"20":{"start":{"line":65,"column":0},"end":{"line":65,"column":53}},"21":{"start":{"line":66,"column":0},"end":{"line":66,"column":47}},"22":{"start":{"line":67,"column":0},"end":{"line":71,"column":2}},"23":{"start":{"line":78,"column":0},"end":{"line":78,"column":19}}},"fnMap":{},"branchMap":{},"s":{"0":1,"1":1,"2":1,"3":1,"4":1,"5":1,"6":1,"7":1,"8":1,"9":1,"10":1,"11":1,"12":1,"13":1,"14":1,"15":1,"16":1,"17":1,"18":1,"19":1,"20":1,"21":1,"22":1,"23":1},"f":{},"b":{}}
,"C:\\Users\\Wahyu Kusuma\\Documents\\Car_BE\\src\\handlers\\auth.ts": {"path":"C:\\Users\\Wahyu Kusuma\\Documents\\Car_BE\\src\\handlers\\auth.ts","statementMap":{"0":{"start":{"line":4,"column":0},"end":{"line":4,"column":43}},"1":{"start":{"line":5,"column":0},"end":{"line":5,"column":47}},"2":{"start":{"line":10,"column":37},"end":{"line":10,"column":45}},"3":{"start":{"line":13,"column":4},"end":{"line":23,"column":5}},"4":{"start":{"line":14,"column":40},"end":{"line":20,"column":8}},"5":{"start":{"line":22,"column":6},"end":{"line":22,"column":37}},"6":{"start":{"line":25,"column":4},"end":{"line":34,"column":5}},"7":{"start":{"line":26,"column":40},"end":{"line":32,"column":8}},"8":{"start":{"line":33,"column":6},"end":{"line":33,"column":37}},"9":{"start":{"line":36,"column":4},"end":{"line":46,"column":5}},"10":{"start":{"line":37,"column":40},"end":{"line":43,"column":8}},"11":{"start":{"line":45,"column":6},"end":{"line":45,"column":37}},"12":{"start":{"line":48,"column":27},"end":{"line":48,"column":62}},"13":{"start":{"line":50,"column":4},"end":{"line":68,"column":5}},"14":{"start":{"line":51,"column":40},"end":{"line":55,"column":8}},"15":{"start":{"line":57,"column":6},"end":{"line":57,"column":57}},"16":{"start":{"line":59,"column":40},"end":{"line":65,"column":8}},"17":{"start":{"line":67,"column":6},"end":{"line":67,"column":37}},"18":{"start":{"line":71,"column":37},"end":{"line":71,"column":45}},"19":{"start":{"line":73,"column":4},"end":{"line":83,"column":5}},"20":{"start":{"line":74,"column":40},"end":{"line":80,"column":8}},"21":{"start":{"line":82,"column":6},"end":{"line":82,"column":37}},"22":{"start":{"line":85,"column":4},"end":{"line":95,"column":5}},"23":{"start":{"line":86,"column":40},"end":{"line":92,"column":8}},"24":{"start":{"line":94,"column":6},"end":{"line":94,"column":37}},"25":{"start":{"line":97,"column":4},"end":{"line":106,"column":5}},"26":{"start":{"line":98,"column":40},"end":{"line":104,"column":8}},"27":{"start":{"line":105,"column":6},"end":{"line":105,"column":37}},"28":{"start":{"line":108,"column":4},"end":{"line":118,"column":5}},"29":{"start":{"line":109,"column":40},"end":{"line":115,"column":8}},"30":{"start":{"line":117,"column":6},"end":{"line":117,"column":37}},"31":{"start":{"line":120,"column":27},"end":{"line":120,"column":67}},"32":{"start":{"line":122,"column":4},"end":{"line":140,"column":5}},"33":{"start":{"line":123,"column":40},"end":{"line":127,"column":8}},"34":{"start":{"line":129,"column":6},"end":{"line":129,"column":57}},"35":{"start":{"line":131,"column":40},"end":{"line":137,"column":8}},"36":{"start":{"line":139,"column":6},"end":{"line":139,"column":37}},"37":{"start":{"line":145,"column":34},"end":{"line":145,"column":42}},"38":{"start":{"line":147,"column":26},"end":{"line":147,"column":58}},"39":{"start":{"line":149,"column":4},"end":{"line":165,"column":5}},"40":{"start":{"line":150,"column":40},"end":{"line":154,"column":8}},"41":{"start":{"line":156,"column":6},"end":{"line":156,"column":56}},"42":{"start":{"line":158,"column":40},"end":{"line":162,"column":8}},"43":{"start":{"line":164,"column":6},"end":{"line":164,"column":37}},"44":{"start":{"line":169,"column":38},"end":{"line":175,"column":6}},"45":{"start":{"line":177,"column":4},"end":{"line":177,"column":35}},"46":{"start":{"line":181,"column":0},"end":{"line":181,"column":27}}},"fnMap":{"0":{"name":"(anonymous_8)","decl":{"start":{"line":9,"column":8},"end":{"line":9,"column":16}},"loc":{"start":{"line":9,"column":44},"end":{"line":69,"column":null}}},"1":{"name":"(anonymous_10)","decl":{"start":{"line":70,"column":8},"end":{"line":70,"column":21}},"loc":{"start":{"line":70,"column":49},"end":{"line":141,"column":null}}},"2":{"name":"(anonymous_12)","decl":{"start":{"line":144,"column":8},"end":{"line":144,"column":13}},"loc":{"start":{"line":144,"column":41},"end":{"line":166,"column":null}}},"3":{"name":"(anonymous_14)","decl":{"start":{"line":168,"column":8},"end":{"line":168,"column":23}},"loc":{"start":{"line":168,"column":51},"end":{"line":178,"column":null}}}},"branchMap":{"0":{"loc":{"start":{"line":13,"column":4},"end":{"line":23,"column":5}},"type":"if","locations":[{"start":{"line":13,"column":4},"end":{"line":23,"column":5}}]},"1":{"loc":{"start":{"line":25,"column":4},"end":{"line":34,"column":5}},"type":"if","locations":[{"start":{"line":25,"column":4},"end":{"line":34,"column":5}}]},"2":{"loc":{"start":{"line":36,"column":4},"end":{"line":46,"column":5}},"type":"if","locations":[{"start":{"line":36,"column":4},"end":{"line":46,"column":5}}]},"3":{"loc":{"start":{"line":50,"column":4},"end":{"line":68,"column":5}},"type":"if","locations":[{"start":{"line":50,"column":4},"end":{"line":68,"column":5}},{"start":{"line":58,"column":11},"end":{"line":68,"column":5}}]},"4":{"loc":{"start":{"line":73,"column":4},"end":{"line":83,"column":5}},"type":"if","locations":[{"start":{"line":73,"column":4},"end":{"line":83,"column":5}}]},"5":{"loc":{"start":{"line":85,"column":4},"end":{"line":95,"column":5}},"type":"if","locations":[{"start":{"line":85,"column":4},"end":{"line":95,"column":5}}]},"6":{"loc":{"start":{"line":97,"column":4},"end":{"line":106,"column":5}},"type":"if","locations":[{"start":{"line":97,"column":4},"end":{"line":106,"column":5}}]},"7":{"loc":{"start":{"line":108,"column":4},"end":{"line":118,"column":5}},"type":"if","locations":[{"start":{"line":108,"column":4},"end":{"line":118,"column":5}}]},"8":{"loc":{"start":{"line":122,"column":4},"end":{"line":140,"column":5}},"type":"if","locations":[{"start":{"line":122,"column":4},"end":{"line":140,"column":5}},{"start":{"line":130,"column":11},"end":{"line":140,"column":5}}]},"9":{"loc":{"start":{"line":149,"column":4},"end":{"line":165,"column":5}},"type":"if","locations":[{"start":{"line":149,"column":4},"end":{"line":165,"column":5}},{"start":{"line":157,"column":11},"end":{"line":165,"column":5}}]}},"s":{"0":1,"1":1,"2":0,"3":0,"4":0,"5":0,"6":0,"7":0,"8":0,"9":0,"10":0,"11":0,"12":0,"13":0,"14":0,"15":0,"16":0,"17":0,"18":0,"19":0,"20":0,"21":0,"22":0,"23":0,"24":0,"25":0,"26":0,"27":0,"28":0,"29":0,"30":0,"31":0,"32":0,"33":0,"34":0,"35":0,"36":0,"37":0,"38":0,"39":0,"40":0,"41":0,"42":0,"43":0,"44":0,"45":0,"46":1},"f":{"0":0,"1":0,"2":0,"3":0},"b":{"0":[0],"1":[0],"2":[0],"3":[0,0],"4":[0],"5":[0],"6":[0],"7":[0],"8":[0,0],"9":[0,0]}}
,"C:\\Users\\Wahyu Kusuma\\Documents\\Car_BE\\src\\handlers\\cars.ts": {"path":"C:\\Users\\Wahyu Kusuma\\Documents\\Car_BE\\src\\handlers\\cars.ts","statementMap":{"0":{"start":{"line":5,"column":0},"end":{"line":5,"column":43}},"1":{"start":{"line":10,"column":32},"end":{"line":10,"column":40}},"2":{"start":{"line":11,"column":4},"end":{"line":11,"column":31}},"3":{"start":{"line":12,"column":4},"end":{"line":12,"column":35}},"4":{"start":{"line":13,"column":4},"end":{"line":13,"column":46}},"5":{"start":{"line":15,"column":4},"end":{"line":32,"column":5}},"6":{"start":{"line":23,"column":40},"end":{"line":29,"column":8}},"7":{"start":{"line":31,"column":6},"end":{"line":31,"column":44}},"8":{"start":{"line":34,"column":4},"end":{"line":34,"column":48}},"9":{"start":{"line":36,"column":28},"end":{"line":36,"column":64}},"10":{"start":{"line":38,"column":38},"end":{"line":44,"column":6}},"11":{"start":{"line":46,"column":4},"end":{"line":46,"column":35}},"12":{"start":{"line":51,"column":36},"end":{"line":51,"column":63}},"13":{"start":{"line":53,"column":38},"end":{"line":59,"column":6}},"14":{"start":{"line":61,"column":4},"end":{"line":61,"column":35}},"15":{"start":{"line":65,"column":28},"end":{"line":65,"column":51}},"16":{"start":{"line":67,"column":28},"end":{"line":67,"column":66}},"17":{"start":{"line":69,"column":4},"end":{"line":76,"column":5}},"18":{"start":{"line":70,"column":40},"end":{"line":74,"column":8}},"19":{"start":{"line":75,"column":6},"end":{"line":75,"column":44}},"20":{"start":{"line":77,"column":38},"end":{"line":83,"column":6}},"21":{"start":{"line":84,"column":4},"end":{"line":84,"column":35}},"22":{"start":{"line":89,"column":28},"end":{"line":89,"column":51}},"23":{"start":{"line":90,"column":32},"end":{"line":90,"column":40}},"24":{"start":{"line":91,"column":4},"end":{"line":91,"column":31}},"25":{"start":{"line":92,"column":4},"end":{"line":92,"column":35}},"26":{"start":{"line":93,"column":4},"end":{"line":93,"column":46}},"27":{"start":{"line":96,"column":4},"end":{"line":112,"column":5}},"28":{"start":{"line":104,"column":40},"end":{"line":110,"column":8}},"29":{"start":{"line":111,"column":6},"end":{"line":111,"column":44}},"30":{"start":{"line":114,"column":4},"end":{"line":114,"column":25}},"31":{"start":{"line":115,"column":35},"end":{"line":117,"column":null}},"32":{"start":{"line":119,"column":24},"end":{"line":124,"column":6}},"33":{"start":{"line":126,"column":4},"end":{"line":133,"column":5}},"34":{"start":{"line":127,"column":40},"end":{"line":131,"column":8}},"35":{"start":{"line":132,"column":6},"end":{"line":132,"column":44}},"36":{"start":{"line":135,"column":38},"end":{"line":142,"column":6}},"37":{"start":{"line":143,"column":4},"end":{"line":143,"column":42}},"38":{"start":{"line":148,"column":28},"end":{"line":148,"column":51}},"39":{"start":{"line":149,"column":35},"end":{"line":149,"column":75}},"40":{"start":{"line":151,"column":4},"end":{"line":158,"column":5}},"41":{"start":{"line":152,"column":40},"end":{"line":156,"column":8}},"42":{"start":{"line":157,"column":6},"end":{"line":157,"column":44}},"43":{"start":{"line":160,"column":38},"end":{"line":166,"column":6}},"44":{"start":{"line":168,"column":4},"end":{"line":168,"column":35}},"45":{"start":{"line":172,"column":0},"end":{"line":172,"column":27}}},"fnMap":{"0":{"name":"(anonymous_8)","decl":{"start":{"line":9,"column":8},"end":{"line":9,"column":17}},"loc":{"start":{"line":9,"column":45},"end":{"line":47,"column":null}}},"1":{"name":"(anonymous_10)","decl":{"start":{"line":50,"column":8},"end":{"line":50,"column":15}},"loc":{"start":{"line":50,"column":43},"end":{"line":62,"column":null}}},"2":{"name":"(anonymous_12)","decl":{"start":{"line":64,"column":8},"end":{"line":64,"column":19}},"loc":{"start":{"line":64,"column":47},"end":{"line":85,"column":null}}},"3":{"name":"(anonymous_14)","decl":{"start":{"line":88,"column":8},"end":{"line":88,"column":21}},"loc":{"start":{"line":88,"column":49},"end":{"line":144,"column":null}}},"4":{"name":"(anonymous_16)","decl":{"start":{"line":147,"column":8},"end":{"line":147,"column":21}},"loc":{"start":{"line":147,"column":49},"end":{"line":169,"column":null}}}},"branchMap":{"0":{"loc":{"start":{"line":15,"column":4},"end":{"line":32,"column":5}},"type":"if","locations":[{"start":{"line":15,"column":4},"end":{"line":32,"column":5}}]},"1":{"loc":{"start":{"line":17,"column":8},"end":{"line":20,"column":23}},"type":"binary-expr","locations":[{"start":{"line":17,"column":8},"end":{"line":17,"column":24}},{"start":{"line":18,"column":8},"end":{"line":18,"column":30}},{"start":{"line":19,"column":8},"end":{"line":19,"column":24}},{"start":{"line":20,"column":8},"end":{"line":20,"column":23}}]},"2":{"loc":{"start":{"line":69,"column":4},"end":{"line":76,"column":5}},"type":"if","locations":[{"start":{"line":69,"column":4},"end":{"line":76,"column":5}}]},"3":{"loc":{"start":{"line":96,"column":4},"end":{"line":112,"column":5}},"type":"if","locations":[{"start":{"line":96,"column":4},"end":{"line":112,"column":5}}]},"4":{"loc":{"start":{"line":98,"column":8},"end":{"line":101,"column":23}},"type":"binary-expr","locations":[{"start":{"line":98,"column":8},"end":{"line":98,"column":24}},{"start":{"line":99,"column":8},"end":{"line":99,"column":30}},{"start":{"line":100,"column":8},"end":{"line":100,"column":24}},{"start":{"line":101,"column":8},"end":{"line":101,"column":23}}]},"5":{"loc":{"start":{"line":123,"column":15},"end":{"line":123,"column":34}},"type":"cond-expr","locations":[{"start":{"line":123,"column":25},"end":{"line":123,"column":27}},{"start":{"line":123,"column":15},"end":{"line":123,"column":34}}]},"6":{"loc":{"start":{"line":123,"column":15},"end":{"line":123,"column":27}},"type":"binary-expr","locations":[{"start":{"line":123,"column":15},"end":{"line":123,"column":27}},{"start":{"line":123,"column":15},"end":{"line":123,"column":27}}]},"7":{"loc":{"start":{"line":126,"column":4},"end":{"line":133,"column":5}},"type":"if","locations":[{"start":{"line":126,"column":4},"end":{"line":133,"column":5}}]},"8":{"loc":{"start":{"line":151,"column":4},"end":{"line":158,"column":5}},"type":"if","locations":[{"start":{"line":151,"column":4},"end":{"line":158,"column":5}}]}},"s":{"0":1,"1":0,"2":0,"3":0,"4":0,"5":0,"6":0,"7":0,"8":0,"9":0,"10":0,"11":0,"12":1,"13":1,"14":1,"15":0,"16":0,"17":0,"18":0,"19":0,"20":0,"21":0,"22":0,"23":0,"24":0,"25":0,"26":0,"27":0,"28":0,"29":0,"30":0,"31":0,"32":0,"33":0,"34":0,"35":0,"36":0,"37":0,"38":0,"39":0,"40":0,"41":0,"42":0,"43":0,"44":0,"45":1},"f":{"0":0,"1":1,"2":0,"3":0,"4":0},"b":{"0":[0],"1":[0,0,0,0],"2":[0],"3":[0],"4":[0,0,0,0],"5":[0,0],"6":[0,0],"7":[0],"8":[0]}}
,"C:\\Users\\Wahyu Kusuma\\Documents\\Car_BE\\src\\middlewares\\auth.ts": {"path":"C:\\Users\\Wahyu Kusuma\\Documents\\Car_BE\\src\\middlewares\\auth.ts","statementMap":{"0":{"start":{"line":2,"column":0},"end":{"line":2,"column":31}},"1":{"start":{"line":3,"column":0},"end":{"line":3,"column":52}},"2":{"start":{"line":10,"column":23},"end":{"line":10,"column":47}},"3":{"start":{"line":13,"column":4},"end":{"line":20,"column":9}},"4":{"start":{"line":14,"column":6},"end":{"line":14,"column":45}},"5":{"start":{"line":16,"column":6},"end":{"line":20,"column":9}},"6":{"start":{"line":23,"column":4},"end":{"line":45,"column":5}},"7":{"start":{"line":24,"column":24},"end":{"line":24,"column":32}},"8":{"start":{"line":26,"column":22},"end":{"line":26,"column":72}},"9":{"start":{"line":28,"column":19},"end":{"line":28,"column":70}},"10":{"start":{"line":30,"column":6},"end":{"line":35,"column":11}},"11":{"start":{"line":31,"column":8},"end":{"line":35,"column":11}},"12":{"start":{"line":36,"column":6},"end":{"line":36,"column":22}},"13":{"start":{"line":38,"column":6},"end":{"line":38,"column":13}},"14":{"start":{"line":40,"column":6},"end":{"line":44,"column":9}},"15":{"start":{"line":55,"column":23},"end":{"line":55,"column":47}},"16":{"start":{"line":58,"column":4},"end":{"line":65,"column":9}},"17":{"start":{"line":59,"column":6},"end":{"line":59,"column":45}},"18":{"start":{"line":61,"column":6},"end":{"line":65,"column":9}},"19":{"start":{"line":68,"column":4},"end":{"line":100,"column":5}},"20":{"start":{"line":69,"column":24},"end":{"line":69,"column":32}},"21":{"start":{"line":71,"column":22},"end":{"line":71,"column":72}},"22":{"start":{"line":73,"column":19},"end":{"line":73,"column":70}},"23":{"start":{"line":75,"column":6},"end":{"line":80,"column":11}},"24":{"start":{"line":76,"column":8},"end":{"line":80,"column":11}},"25":{"start":{"line":83,"column":6},"end":{"line":89,"column":7}},"26":{"start":{"line":84,"column":8},"end":{"line":88,"column":11}},"27":{"start":{"line":91,"column":6},"end":{"line":91,"column":22}},"28":{"start":{"line":93,"column":6},"end":{"line":93,"column":13}},"29":{"start":{"line":95,"column":6},"end":{"line":99,"column":9}},"30":{"start":{"line":109,"column":23},"end":{"line":109,"column":47}},"31":{"start":{"line":112,"column":4},"end":{"line":119,"column":9}},"32":{"start":{"line":113,"column":6},"end":{"line":113,"column":45}},"33":{"start":{"line":115,"column":6},"end":{"line":119,"column":9}},"34":{"start":{"line":122,"column":4},"end":{"line":154,"column":5}},"35":{"start":{"line":123,"column":24},"end":{"line":123,"column":32}},"36":{"start":{"line":125,"column":22},"end":{"line":125,"column":72}},"37":{"start":{"line":127,"column":19},"end":{"line":127,"column":70}},"38":{"start":{"line":129,"column":6},"end":{"line":134,"column":11}},"39":{"start":{"line":130,"column":8},"end":{"line":134,"column":11}},"40":{"start":{"line":137,"column":6},"end":{"line":143,"column":7}},"41":{"start":{"line":138,"column":8},"end":{"line":142,"column":11}},"42":{"start":{"line":145,"column":6},"end":{"line":145,"column":22}},"43":{"start":{"line":147,"column":6},"end":{"line":147,"column":13}},"44":{"start":{"line":149,"column":6},"end":{"line":153,"column":9}},"45":{"start":{"line":158,"column":0},"end":{"line":158,"column":30}}},"fnMap":{"0":{"name":"(anonymous_8)","decl":{"start":{"line":7,"column":2},"end":{"line":7,"column":8}},"loc":{"start":{"line":7,"column":75},"end":{"line":46,"column":null}}},"1":{"name":"(anonymous_10)","decl":{"start":{"line":48,"column":2},"end":{"line":48,"column":8}},"loc":{"start":{"line":51,"column":22},"end":{"line":101,"column":null}}},"2":{"name":"(anonymous_12)","decl":{"start":{"line":102,"column":2},"end":{"line":102,"column":8}},"loc":{"start":{"line":105,"column":22},"end":{"line":155,"column":null}}}},"branchMap":{"0":{"loc":{"start":{"line":13,"column":4},"end":{"line":20,"column":9}},"type":"if","locations":[{"start":{"line":13,"column":4},"end":{"line":20,"column":9}},{"start":{"line":16,"column":6},"end":{"line":20,"column":9}}]},"1":{"loc":{"start":{"line":13,"column":8},"end":{"line":13,"column":53}},"type":"binary-expr","locations":[{"start":{"line":13,"column":8},"end":{"line":13,"column":18}},{"start":{"line":13,"column":22},"end":{"line":13,"column":53}}]},"2":{"loc":{"start":{"line":30,"column":6},"end":{"line":35,"column":11}},"type":"if","locations":[{"start":{"line":30,"column":6},"end":{"line":35,"column":11}}]},"3":{"loc":{"start":{"line":58,"column":4},"end":{"line":65,"column":9}},"type":"if","locations":[{"start":{"line":58,"column":4},"end":{"line":65,"column":9}},{"start":{"line":61,"column":6},"end":{"line":65,"column":9}}]},"4":{"loc":{"start":{"line":58,"column":8},"end":{"line":58,"column":53}},"type":"binary-expr","locations":[{"start":{"line":58,"column":8},"end":{"line":58,"column":18}},{"start":{"line":58,"column":22},"end":{"line":58,"column":53}}]},"5":{"loc":{"start":{"line":75,"column":6},"end":{"line":80,"column":11}},"type":"if","locations":[{"start":{"line":75,"column":6},"end":{"line":80,"column":11}}]},"6":{"loc":{"start":{"line":83,"column":6},"end":{"line":89,"column":7}},"type":"if","locations":[{"start":{"line":83,"column":6},"end":{"line":89,"column":7}}]},"7":{"loc":{"start":{"line":83,"column":12},"end":{"line":83,"column":63}},"type":"binary-expr","locations":[{"start":{"line":83,"column":12},"end":{"line":83,"column":33}},{"start":{"line":83,"column":37},"end":{"line":83,"column":63}}]},"8":{"loc":{"start":{"line":112,"column":4},"end":{"line":119,"column":9}},"type":"if","locations":[{"start":{"line":112,"column":4},"end":{"line":119,"column":9}},{"start":{"line":115,"column":6},"end":{"line":119,"column":9}}]},"9":{"loc":{"start":{"line":112,"column":8},"end":{"line":112,"column":53}},"type":"binary-expr","locations":[{"start":{"line":112,"column":8},"end":{"line":112,"column":18}},{"start":{"line":112,"column":22},"end":{"line":112,"column":53}}]},"10":{"loc":{"start":{"line":129,"column":6},"end":{"line":134,"column":11}},"type":"if","locations":[{"start":{"line":129,"column":6},"end":{"line":134,"column":11}}]},"11":{"loc":{"start":{"line":137,"column":6},"end":{"line":143,"column":7}},"type":"if","locations":[{"start":{"line":137,"column":6},"end":{"line":143,"column":7}}]}},"s":{"0":1,"1":1,"2":0,"3":0,"4":0,"5":0,"6":0,"7":0,"8":0,"9":0,"10":0,"11":0,"12":0,"13":0,"14":0,"15":0,"16":0,"17":0,"18":0,"19":0,"20":0,"21":0,"22":0,"23":0,"24":0,"25":0,"26":0,"27":0,"28":0,"29":0,"30":0,"31":0,"32":0,"33":0,"34":0,"35":0,"36":0,"37":0,"38":0,"39":0,"40":0,"41":0,"42":0,"43":0,"44":0,"45":1},"f":{"0":0,"1":0,"2":0},"b":{"0":[0,0],"1":[0,0],"2":[0],"3":[0,0],"4":[0,0],"5":[0],"6":[0],"7":[0,0],"8":[0,0],"9":[0,0],"10":[0],"11":[0]}}
,"C:\\Users\\Wahyu Kusuma\\Documents\\Car_BE\\src\\models\\entity\\car.ts": {"path":"C:\\Users\\Wahyu Kusuma\\Documents\\Car_BE\\src\\models\\entity\\car.ts","statementMap":{"0":{"start":{"line":1,"column":0},"end":{"line":1,"column":47}},"1":{"start":{"line":2,"column":0},"end":{"line":2,"column":55}},"2":{"start":{"line":3,"column":0},"end":{"line":3,"column":42}},"3":{"start":{"line":22,"column":4},"end":{"line":22,"column":18}},"4":{"start":{"line":25,"column":4},"end":{"line":50,"column":6}},"5":{"start":{"line":5,"column":0},"end":{"line":5,"column":13}},"6":{"start":{"line":54,"column":0},"end":{"line":54,"column":25}}},"fnMap":{"0":{"name":"(anonymous_1)","decl":{"start":{"line":21,"column":2},"end":{"line":21,"column":8}},"loc":{"start":{"line":21,"column":22},"end":{"line":23,"column":3}}},"1":{"name":"(anonymous_2)","decl":{"start":{"line":24,"column":2},"end":{"line":24,"column":8}},"loc":{"start":{"line":24,"column":29},"end":{"line":51,"column":3}}}},"branchMap":{},"s":{"0":2,"1":2,"2":2,"3":122,"4":2,"5":2,"6":2},"f":{"0":122,"1":2},"b":{}}
,"C:\\Users\\Wahyu Kusuma\\Documents\\Car_BE\\src\\models\\entity\\user.ts": {"path":"C:\\Users\\Wahyu Kusuma\\Documents\\Car_BE\\src\\models\\entity\\user.ts","statementMap":{"0":{"start":{"line":1,"column":0},"end":{"line":1,"column":47}},"1":{"start":{"line":2,"column":0},"end":{"line":2,"column":55}},"2":{"start":{"line":12,"column":4},"end":{"line":12,"column":19}},"3":{"start":{"line":4,"column":0},"end":{"line":4,"column":13}},"4":{"start":{"line":16,"column":0},"end":{"line":16,"column":25}}},"fnMap":{"0":{"name":"(anonymous_1)","decl":{"start":{"line":11,"column":2},"end":{"line":11,"column":8}},"loc":{"start":{"line":11,"column":22},"end":{"line":13,"column":3}}}},"branchMap":{},"s":{"0":2,"1":2,"2":78,"3":2,"4":2},"f":{"0":78},"b":{}}
,"C:\\Users\\Wahyu Kusuma\\Documents\\Car_BE\\src\\repositories\\cars.ts": {"path":"C:\\Users\\Wahyu Kusuma\\Documents\\Car_BE\\src\\repositories\\cars.ts","statementMap":{"0":{"start":{"line":1,"column":0},"end":{"line":1,"column":54}},"1":{"start":{"line":8,"column":23},"end":{"line":15,"column":6}},"2":{"start":{"line":17,"column":4},"end":{"line":17,"column":22}},"3":{"start":{"line":22,"column":20},"end":{"line":23,"column":null}},"4":{"start":{"line":25,"column":4},"end":{"line":25,"column":19}},"5":{"start":{"line":29,"column":24},"end":{"line":31,"column":27}},"6":{"start":{"line":32,"column":4},"end":{"line":32,"column":23}},"7":{"start":{"line":37,"column":22},"end":{"line":39,"column":29}},"8":{"start":{"line":41,"column":4},"end":{"line":53,"column":5}},"9":{"start":{"line":42,"column":6},"end":{"line":49,"column":9}},"10":{"start":{"line":50,"column":6},"end":{"line":50,"column":23}},"11":{"start":{"line":52,"column":6},"end":{"line":52,"column":18}},"12":{"start":{"line":60,"column":23},"end":{"line":61,"column":22}},"13":{"start":{"line":63,"column":4},"end":{"line":68,"column":5}},"14":{"start":{"line":64,"column":6},"end":{"line":64,"column":57}},"15":{"start":{"line":65,"column":6},"end":{"line":65,"column":24}},"16":{"start":{"line":67,"column":6},"end":{"line":67,"column":18}},"17":{"start":{"line":72,"column":0},"end":{"line":72,"column":30}}},"fnMap":{"0":{"name":"(anonymous_7)","decl":{"start":{"line":4,"column":2},"end":{"line":4,"column":17}},"loc":{"start":{"line":4,"column":2},"end":{"line":4,"column":18}}},"1":{"name":"(anonymous_8)","decl":{"start":{"line":7,"column":2},"end":{"line":7,"column":8}},"loc":{"start":{"line":7,"column":33},"end":{"line":18,"column":null}}},"2":{"name":"(anonymous_10)","decl":{"start":{"line":21,"column":2},"end":{"line":21,"column":8}},"loc":{"start":{"line":21,"column":22},"end":{"line":26,"column":null}}},"3":{"name":"(anonymous_12)","decl":{"start":{"line":28,"column":2},"end":{"line":28,"column":8}},"loc":{"start":{"line":28,"column":42},"end":{"line":33,"column":null}}},"4":{"name":"(anonymous_14)","decl":{"start":{"line":36,"column":2},"end":{"line":36,"column":8}},"loc":{"start":{"line":36,"column":54},"end":{"line":54,"column":null}}},"5":{"name":"(anonymous_16)","decl":{"start":{"line":57,"column":2},"end":{"line":57,"column":8}},"loc":{"start":{"line":58,"column":19},"end":{"line":69,"column":null}}}},"branchMap":{"0":{"loc":{"start":{"line":41,"column":4},"end":{"line":53,"column":5}},"type":"if","locations":[{"start":{"line":41,"column":4},"end":{"line":53,"column":5}},{"start":{"line":51,"column":11},"end":{"line":53,"column":5}}]},"1":{"loc":{"start":{"line":63,"column":4},"end":{"line":68,"column":5}},"type":"if","locations":[{"start":{"line":63,"column":4},"end":{"line":68,"column":5}},{"start":{"line":66,"column":11},"end":{"line":68,"column":5}}]}},"s":{"0":2,"1":4,"2":4,"3":1,"4":1,"5":2,"6":2,"7":1,"8":1,"9":1,"10":1,"11":0,"12":4,"13":4,"14":4,"15":4,"16":0,"17":2},"f":{"0":0,"1":4,"2":1,"3":2,"4":1,"5":4},"b":{"0":[1,0],"1":[4,0]}}
,"C:\\Users\\Wahyu Kusuma\\Documents\\Car_BE\\src\\repositories\\users.ts": {"path":"C:\\Users\\Wahyu Kusuma\\Documents\\Car_BE\\src\\repositories\\users.ts","statementMap":{"0":{"start":{"line":1,"column":0},"end":{"line":1,"column":32}},"1":{"start":{"line":2,"column":0},"end":{"line":2,"column":57}},"2":{"start":{"line":7,"column":24},"end":{"line":12,"column":6}},"3":{"start":{"line":14,"column":4},"end":{"line":14,"column":23}},"4":{"start":{"line":19,"column":17},"end":{"line":21,"column":14}},"5":{"start":{"line":23,"column":4},"end":{"line":25,"column":5}},"6":{"start":{"line":24,"column":6},"end":{"line":24,"column":18}},"7":{"start":{"line":27,"column":4},"end":{"line":27,"column":16}},"8":{"start":{"line":31,"column":0},"end":{"line":31,"column":31}}},"fnMap":{"0":{"name":"(anonymous_7)","decl":{"start":{"line":6,"column":2},"end":{"line":6,"column":8}},"loc":{"start":{"line":6,"column":36},"end":{"line":15,"column":null}}},"1":{"name":"(anonymous_9)","decl":{"start":{"line":18,"column":2},"end":{"line":18,"column":8}},"loc":{"start":{"line":18,"column":43},"end":{"line":28,"column":null}}}},"branchMap":{"0":{"loc":{"start":{"line":23,"column":4},"end":{"line":25,"column":5}},"type":"if","locations":[{"start":{"line":23,"column":4},"end":{"line":25,"column":5}}]}},"s":{"0":1,"1":1,"2":0,"3":0,"4":0,"5":0,"6":0,"7":0,"8":1},"f":{"0":0,"1":0},"b":{"0":[0]}}
,"C:\\Users\\Wahyu Kusuma\\Documents\\Car_BE\\src\\services\\auth.ts": {"path":"C:\\Users\\Wahyu Kusuma\\Documents\\Car_BE\\src\\services\\auth.ts","statementMap":{"0":{"start":{"line":5,"column":0},"end":{"line":5,"column":52}},"1":{"start":{"line":6,"column":0},"end":{"line":6,"column":28}},"2":{"start":{"line":7,"column":0},"end":{"line":7,"column":31}},"3":{"start":{"line":9,"column":19},"end":{"line":9,"column":21}},"4":{"start":{"line":13,"column":4},"end":{"line":62,"column":5}},"5":{"start":{"line":15,"column":6},"end":{"line":15,"column":63}},"6":{"start":{"line":15,"column":22},"end":{"line":15,"column":63}},"7":{"start":{"line":16,"column":6},"end":{"line":16,"column":69}},"8":{"start":{"line":16,"column":25},"end":{"line":16,"column":69}},"9":{"start":{"line":19,"column":19},"end":{"line":19,"column":66}},"10":{"start":{"line":21,"column":6},"end":{"line":23,"column":7}},"11":{"start":{"line":22,"column":8},"end":{"line":22,"column":46}},"12":{"start":{"line":26,"column":32},"end":{"line":28,"column":null}},"13":{"start":{"line":31,"column":6},"end":{"line":33,"column":7}},"14":{"start":{"line":32,"column":8},"end":{"line":32,"column":42}},"15":{"start":{"line":36,"column":24},"end":{"line":36,"column":32}},"16":{"start":{"line":37,"column":28},"end":{"line":37,"column":33}},"17":{"start":{"line":39,"column":26},"end":{"line":46,"column":null}},"18":{"start":{"line":49,"column":26},"end":{"line":51,"column":8}},"19":{"start":{"line":53,"column":6},"end":{"line":53,"column":19}},"20":{"start":{"line":56,"column":43},"end":{"line":59,"column":8}},"21":{"start":{"line":61,"column":6},"end":{"line":61,"column":27}},"22":{"start":{"line":68,"column":4},"end":{"line":100,"column":5}},"23":{"start":{"line":70,"column":19},"end":{"line":70,"column":66}},"24":{"start":{"line":72,"column":6},"end":{"line":74,"column":7}},"25":{"start":{"line":73,"column":8},"end":{"line":73,"column":66}},"26":{"start":{"line":75,"column":6},"end":{"line":77,"column":7}},"27":{"start":{"line":76,"column":8},"end":{"line":76,"column":51}},"28":{"start":{"line":79,"column":32},"end":{"line":79,"column":73}},"29":{"start":{"line":82,"column":33},"end":{"line":87,"column":8}},"30":{"start":{"line":89,"column":26},"end":{"line":89,"column":72}},"31":{"start":{"line":91,"column":6},"end":{"line":91,"column":25}},"32":{"start":{"line":94,"column":43},"end":{"line":97,"column":8}},"33":{"start":{"line":99,"column":6},"end":{"line":99,"column":27}},"34":{"start":{"line":103,"column":4},"end":{"line":136,"column":5}},"35":{"start":{"line":105,"column":19},"end":{"line":105,"column":66}},"36":{"start":{"line":107,"column":6},"end":{"line":109,"column":7}},"37":{"start":{"line":108,"column":8},"end":{"line":108,"column":66}},"38":{"start":{"line":110,"column":6},"end":{"line":112,"column":7}},"39":{"start":{"line":111,"column":8},"end":{"line":111,"column":46}},"40":{"start":{"line":115,"column":32},"end":{"line":115,"column":73}},"41":{"start":{"line":118,"column":33},"end":{"line":123,"column":8}},"42":{"start":{"line":125,"column":26},"end":{"line":125,"column":72}},"43":{"start":{"line":127,"column":6},"end":{"line":127,"column":25}},"44":{"start":{"line":130,"column":43},"end":{"line":133,"column":8}},"45":{"start":{"line":135,"column":6},"end":{"line":135,"column":27}},"46":{"start":{"line":140,"column":0},"end":{"line":140,"column":27}}},"fnMap":{"0":{"name":"(anonymous_8)","decl":{"start":{"line":12,"column":2},"end":{"line":12,"column":8}},"loc":{"start":{"line":12,"column":38},"end":{"line":63,"column":null}}},"1":{"name":"(anonymous_10)","decl":{"start":{"line":65,"column":2},"end":{"line":65,"column":8}},"loc":{"start":{"line":66,"column":24},"end":{"line":101,"column":null}}},"2":{"name":"(anonymous_12)","decl":{"start":{"line":102,"column":2},"end":{"line":102,"column":8}},"loc":{"start":{"line":102,"column":44},"end":{"line":137,"column":null}}}},"branchMap":{"0":{"loc":{"start":{"line":15,"column":6},"end":{"line":15,"column":63}},"type":"if","locations":[{"start":{"line":15,"column":6},"end":{"line":15,"column":63}}]},"1":{"loc":{"start":{"line":16,"column":6},"end":{"line":16,"column":69}},"type":"if","locations":[{"start":{"line":16,"column":6},"end":{"line":16,"column":69}}]},"2":{"loc":{"start":{"line":21,"column":6},"end":{"line":23,"column":7}},"type":"if","locations":[{"start":{"line":21,"column":6},"end":{"line":23,"column":7}}]},"3":{"loc":{"start":{"line":31,"column":6},"end":{"line":33,"column":7}},"type":"if","locations":[{"start":{"line":31,"column":6},"end":{"line":33,"column":7}}]},"4":{"loc":{"start":{"line":72,"column":6},"end":{"line":74,"column":7}},"type":"if","locations":[{"start":{"line":72,"column":6},"end":{"line":74,"column":7}}]},"5":{"loc":{"start":{"line":75,"column":6},"end":{"line":77,"column":7}},"type":"if","locations":[{"start":{"line":75,"column":6},"end":{"line":77,"column":7}}]},"6":{"loc":{"start":{"line":107,"column":6},"end":{"line":109,"column":7}},"type":"if","locations":[{"start":{"line":107,"column":6},"end":{"line":109,"column":7}}]},"7":{"loc":{"start":{"line":110,"column":6},"end":{"line":112,"column":7}},"type":"if","locations":[{"start":{"line":110,"column":6},"end":{"line":112,"column":7}}]}},"s":{"0":1,"1":1,"2":1,"3":1,"4":0,"5":0,"6":0,"7":0,"8":0,"9":0,"10":0,"11":0,"12":0,"13":0,"14":0,"15":0,"16":0,"17":0,"18":0,"19":0,"20":0,"21":0,"22":0,"23":0,"24":0,"25":0,"26":0,"27":0,"28":0,"29":0,"30":0,"31":0,"32":0,"33":0,"34":0,"35":0,"36":0,"37":0,"38":0,"39":0,"40":0,"41":0,"42":0,"43":0,"44":0,"45":0,"46":1},"f":{"0":0,"1":0,"2":0},"b":{"0":[0],"1":[0],"2":[0],"3":[0],"4":[0],"5":[0],"6":[0],"7":[0]}}
,"C:\\Users\\Wahyu Kusuma\\Documents\\Car_BE\\src\\services\\cars.ts": {"path":"C:\\Users\\Wahyu Kusuma\\Documents\\Car_BE\\src\\services\\cars.ts","statementMap":{"0":{"start":{"line":3,"column":0},"end":{"line":3,"column":50}},"1":{"start":{"line":4,"column":0},"end":{"line":4,"column":49}},"2":{"start":{"line":9,"column":23},"end":{"line":9,"column":61}},"3":{"start":{"line":10,"column":17},"end":{"line":10,"column":69}},"4":{"start":{"line":12,"column":30},"end":{"line":12,"column":68}},"5":{"start":{"line":14,"column":29},"end":{"line":21,"column":6}},"6":{"start":{"line":22,"column":23},"end":{"line":22,"column":66}},"7":{"start":{"line":24,"column":4},"end":{"line":24,"column":22}},"8":{"start":{"line":29,"column":20},"end":{"line":29,"column":50}},"9":{"start":{"line":31,"column":43},"end":{"line":61,"column":6}},"10":{"start":{"line":32,"column":39},"end":{"line":59,"column":8}},"11":{"start":{"line":60,"column":6},"end":{"line":60,"column":25}},"12":{"start":{"line":62,"column":4},"end":{"line":62,"column":27}},"13":{"start":{"line":65,"column":20},"end":{"line":65,"column":61}},"14":{"start":{"line":66,"column":43},"end":{"line":96,"column":6}},"15":{"start":{"line":67,"column":39},"end":{"line":94,"column":8}},"16":{"start":{"line":95,"column":6},"end":{"line":95,"column":25}},"17":{"start":{"line":97,"column":4},"end":{"line":97,"column":27}},"18":{"start":{"line":105,"column":23},"end":{"line":105,"column":61}},"19":{"start":{"line":106,"column":17},"end":{"line":106,"column":69}},"20":{"start":{"line":108,"column":26},"end":{"line":108,"column":64}},"21":{"start":{"line":110,"column":29},"end":{"line":117,"column":6}},"22":{"start":{"line":118,"column":23},"end":{"line":118,"column":79}},"23":{"start":{"line":119,"column":4},"end":{"line":119,"column":22}},"24":{"start":{"line":126,"column":23},"end":{"line":126,"column":66}},"25":{"start":{"line":127,"column":4},"end":{"line":127,"column":22}},"26":{"start":{"line":131,"column":0},"end":{"line":131,"column":27}}},"fnMap":{"0":{"name":"(anonymous_8)","decl":{"start":{"line":8,"column":2},"end":{"line":8,"column":8}},"loc":{"start":{"line":8,"column":40},"end":{"line":25,"column":null}}},"1":{"name":"(anonymous_10)","decl":{"start":{"line":28,"column":2},"end":{"line":28,"column":8}},"loc":{"start":{"line":28,"column":22},"end":{"line":63,"column":null}}},"2":{"name":"(anonymous_12)","decl":{"start":{"line":31,"column":55},"end":{"line":31,"column":56}},"loc":{"start":{"line":31,"column":63},"end":{"line":61,"column":5}}},"3":{"name":"(anonymous_13)","decl":{"start":{"line":64,"column":2},"end":{"line":64,"column":8}},"loc":{"start":{"line":64,"column":42},"end":{"line":98,"column":null}}},"4":{"name":"(anonymous_15)","decl":{"start":{"line":66,"column":55},"end":{"line":66,"column":56}},"loc":{"start":{"line":66,"column":63},"end":{"line":96,"column":5}}},"5":{"name":"(anonymous_16)","decl":{"start":{"line":101,"column":2},"end":{"line":101,"column":8}},"loc":{"start":{"line":103,"column":19},"end":{"line":120,"column":null}}},"6":{"name":"(anonymous_18)","decl":{"start":{"line":123,"column":3},"end":{"line":123,"column":9}},"loc":{"start":{"line":124,"column":19},"end":{"line":128,"column":null}}}},"branchMap":{"0":{"loc":{"start":{"line":9,"column":23},"end":{"line":9,"column":61}},"type":"cond-expr","locations":[{"start":{"line":9,"column":34},"end":{"line":9,"column":36}},{"start":{"line":9,"column":34},"end":{"line":9,"column":61}}]},"1":{"loc":{"start":{"line":9,"column":23},"end":{"line":9,"column":36}},"type":"binary-expr","locations":[{"start":{"line":9,"column":23},"end":{"line":9,"column":36}},{"start":{"line":9,"column":34},"end":{"line":9,"column":36}}]},"2":{"loc":{"start":{"line":10,"column":25},"end":{"line":10,"column":46}},"type":"cond-expr","locations":[{"start":{"line":10,"column":36},"end":{"line":10,"column":38}},{"start":{"line":10,"column":36},"end":{"line":10,"column":46}}]},"3":{"loc":{"start":{"line":10,"column":25},"end":{"line":10,"column":38}},"type":"binary-expr","locations":[{"start":{"line":10,"column":25},"end":{"line":10,"column":38}},{"start":{"line":10,"column":36},"end":{"line":10,"column":38}}]},"4":{"loc":{"start":{"line":39,"column":14},"end":{"line":39,"column":42}},"type":"cond-expr","locations":[{"start":{"line":39,"column":28},"end":{"line":39,"column":30}},{"start":{"line":39,"column":28},"end":{"line":39,"column":42}}]},"5":{"loc":{"start":{"line":39,"column":14},"end":{"line":39,"column":30}},"type":"binary-expr","locations":[{"start":{"line":39,"column":14},"end":{"line":39,"column":30}},{"start":{"line":39,"column":28},"end":{"line":39,"column":30}}]},"6":{"loc":{"start":{"line":40,"column":16},"end":{"line":40,"column":46}},"type":"cond-expr","locations":[{"start":{"line":40,"column":30},"end":{"line":40,"column":32}},{"start":{"line":40,"column":30},"end":{"line":40,"column":46}}]},"7":{"loc":{"start":{"line":40,"column":16},"end":{"line":40,"column":32}},"type":"binary-expr","locations":[{"start":{"line":40,"column":16},"end":{"line":40,"column":32}},{"start":{"line":40,"column":30},"end":{"line":40,"column":32}}]},"8":{"loc":{"start":{"line":41,"column":17},"end":{"line":41,"column":48}},"type":"cond-expr","locations":[{"start":{"line":41,"column":31},"end":{"line":41,"column":33}},{"start":{"line":41,"column":31},"end":{"line":41,"column":48}}]},"9":{"loc":{"start":{"line":41,"column":17},"end":{"line":41,"column":33}},"type":"binary-expr","locations":[{"start":{"line":41,"column":17},"end":{"line":41,"column":33}},{"start":{"line":41,"column":31},"end":{"line":41,"column":33}}]},"10":{"loc":{"start":{"line":42,"column":20},"end":{"line":42,"column":54}},"type":"cond-expr","locations":[{"start":{"line":42,"column":34},"end":{"line":42,"column":36}},{"start":{"line":42,"column":34},"end":{"line":42,"column":54}}]},"11":{"loc":{"start":{"line":42,"column":20},"end":{"line":42,"column":36}},"type":"binary-expr","locations":[{"start":{"line":42,"column":20},"end":{"line":42,"column":36}},{"start":{"line":42,"column":34},"end":{"line":42,"column":36}}]},"12":{"loc":{"start":{"line":45,"column":14},"end":{"line":45,"column":42}},"type":"cond-expr","locations":[{"start":{"line":45,"column":28},"end":{"line":45,"column":30}},{"start":{"line":45,"column":28},"end":{"line":45,"column":42}}]},"13":{"loc":{"start":{"line":45,"column":14},"end":{"line":45,"column":30}},"type":"binary-expr","locations":[{"start":{"line":45,"column":14},"end":{"line":45,"column":30}},{"start":{"line":45,"column":28},"end":{"line":45,"column":30}}]},"14":{"loc":{"start":{"line":46,"column":16},"end":{"line":46,"column":46}},"type":"cond-expr","locations":[{"start":{"line":46,"column":30},"end":{"line":46,"column":32}},{"start":{"line":46,"column":30},"end":{"line":46,"column":46}}]},"15":{"loc":{"start":{"line":46,"column":16},"end":{"line":46,"column":32}},"type":"binary-expr","locations":[{"start":{"line":46,"column":16},"end":{"line":46,"column":32}},{"start":{"line":46,"column":30},"end":{"line":46,"column":32}}]},"16":{"loc":{"start":{"line":47,"column":17},"end":{"line":47,"column":48}},"type":"cond-expr","locations":[{"start":{"line":47,"column":31},"end":{"line":47,"column":33}},{"start":{"line":47,"column":31},"end":{"line":47,"column":48}}]},"17":{"loc":{"start":{"line":47,"column":17},"end":{"line":47,"column":33}},"type":"binary-expr","locations":[{"start":{"line":47,"column":17},"end":{"line":47,"column":33}},{"start":{"line":47,"column":31},"end":{"line":47,"column":33}}]},"18":{"loc":{"start":{"line":48,"column":20},"end":{"line":48,"column":54}},"type":"cond-expr","locations":[{"start":{"line":48,"column":34},"end":{"line":48,"column":36}},{"start":{"line":48,"column":34},"end":{"line":48,"column":54}}]},"19":{"loc":{"start":{"line":48,"column":20},"end":{"line":48,"column":36}},"type":"binary-expr","locations":[{"start":{"line":48,"column":20},"end":{"line":48,"column":36}},{"start":{"line":48,"column":34},"end":{"line":48,"column":36}}]},"20":{"loc":{"start":{"line":51,"column":14},"end":{"line":51,"column":42}},"type":"cond-expr","locations":[{"start":{"line":51,"column":28},"end":{"line":51,"column":30}},{"start":{"line":51,"column":28},"end":{"line":51,"column":42}}]},"21":{"loc":{"start":{"line":51,"column":14},"end":{"line":51,"column":30}},"type":"binary-expr","locations":[{"start":{"line":51,"column":14},"end":{"line":51,"column":30}},{"start":{"line":51,"column":28},"end":{"line":51,"column":30}}]},"22":{"loc":{"start":{"line":52,"column":16},"end":{"line":52,"column":46}},"type":"cond-expr","locations":[{"start":{"line":52,"column":30},"end":{"line":52,"column":32}},{"start":{"line":52,"column":30},"end":{"line":52,"column":46}}]},"23":{"loc":{"start":{"line":52,"column":16},"end":{"line":52,"column":32}},"type":"binary-expr","locations":[{"start":{"line":52,"column":16},"end":{"line":52,"column":32}},{"start":{"line":52,"column":30},"end":{"line":52,"column":32}}]},"24":{"loc":{"start":{"line":53,"column":17},"end":{"line":53,"column":48}},"type":"cond-expr","locations":[{"start":{"line":53,"column":31},"end":{"line":53,"column":33}},{"start":{"line":53,"column":31},"end":{"line":53,"column":48}}]},"25":{"loc":{"start":{"line":53,"column":17},"end":{"line":53,"column":33}},"type":"binary-expr","locations":[{"start":{"line":53,"column":17},"end":{"line":53,"column":33}},{"start":{"line":53,"column":31},"end":{"line":53,"column":33}}]},"26":{"loc":{"start":{"line":54,"column":20},"end":{"line":54,"column":54}},"type":"cond-expr","locations":[{"start":{"line":54,"column":34},"end":{"line":54,"column":36}},{"start":{"line":54,"column":34},"end":{"line":54,"column":54}}]},"27":{"loc":{"start":{"line":54,"column":20},"end":{"line":54,"column":36}},"type":"binary-expr","locations":[{"start":{"line":54,"column":20},"end":{"line":54,"column":36}},{"start":{"line":54,"column":34},"end":{"line":54,"column":36}}]},"28":{"loc":{"start":{"line":74,"column":14},"end":{"line":74,"column":42}},"type":"cond-expr","locations":[{"start":{"line":74,"column":28},"end":{"line":74,"column":30}},{"start":{"line":74,"column":28},"end":{"line":74,"column":42}}]},"29":{"loc":{"start":{"line":74,"column":14},"end":{"line":74,"column":30}},"type":"binary-expr","locations":[{"start":{"line":74,"column":14},"end":{"line":74,"column":30}},{"start":{"line":74,"column":28},"end":{"line":74,"column":30}}]},"30":{"loc":{"start":{"line":75,"column":16},"end":{"line":75,"column":46}},"type":"cond-expr","locations":[{"start":{"line":75,"column":30},"end":{"line":75,"column":32}},{"start":{"line":75,"column":30},"end":{"line":75,"column":46}}]},"31":{"loc":{"start":{"line":75,"column":16},"end":{"line":75,"column":32}},"type":"binary-expr","locations":[{"start":{"line":75,"column":16},"end":{"line":75,"column":32}},{"start":{"line":75,"column":30},"end":{"line":75,"column":32}}]},"32":{"loc":{"start":{"line":76,"column":17},"end":{"line":76,"column":48}},"type":"cond-expr","locations":[{"start":{"line":76,"column":31},"end":{"line":76,"column":33}},{"start":{"line":76,"column":31},"end":{"line":76,"column":48}}]},"33":{"loc":{"start":{"line":76,"column":17},"end":{"line":76,"column":33}},"type":"binary-expr","locations":[{"start":{"line":76,"column":17},"end":{"line":76,"column":33}},{"start":{"line":76,"column":31},"end":{"line":76,"column":33}}]},"34":{"loc":{"start":{"line":77,"column":20},"end":{"line":77,"column":54}},"type":"cond-expr","locations":[{"start":{"line":77,"column":34},"end":{"line":77,"column":36}},{"start":{"line":77,"column":34},"end":{"line":77,"column":54}}]},"35":{"loc":{"start":{"line":77,"column":20},"end":{"line":77,"column":36}},"type":"binary-expr","locations":[{"start":{"line":77,"column":20},"end":{"line":77,"column":36}},{"start":{"line":77,"column":34},"end":{"line":77,"column":36}}]},"36":{"loc":{"start":{"line":80,"column":14},"end":{"line":80,"column":42}},"type":"cond-expr","locations":[{"start":{"line":80,"column":28},"end":{"line":80,"column":30}},{"start":{"line":80,"column":28},"end":{"line":80,"column":42}}]},"37":{"loc":{"start":{"line":80,"column":14},"end":{"line":80,"column":30}},"type":"binary-expr","locations":[{"start":{"line":80,"column":14},"end":{"line":80,"column":30}},{"start":{"line":80,"column":28},"end":{"line":80,"column":30}}]},"38":{"loc":{"start":{"line":81,"column":16},"end":{"line":81,"column":46}},"type":"cond-expr","locations":[{"start":{"line":81,"column":30},"end":{"line":81,"column":32}},{"start":{"line":81,"column":30},"end":{"line":81,"column":46}}]},"39":{"loc":{"start":{"line":81,"column":16},"end":{"line":81,"column":32}},"type":"binary-expr","locations":[{"start":{"line":81,"column":16},"end":{"line":81,"column":32}},{"start":{"line":81,"column":30},"end":{"line":81,"column":32}}]},"40":{"loc":{"start":{"line":82,"column":17},"end":{"line":82,"column":48}},"type":"cond-expr","locations":[{"start":{"line":82,"column":31},"end":{"line":82,"column":33}},{"start":{"line":82,"column":31},"end":{"line":82,"column":48}}]},"41":{"loc":{"start":{"line":82,"column":17},"end":{"line":82,"column":33}},"type":"binary-expr","locations":[{"start":{"line":82,"column":17},"end":{"line":82,"column":33}},{"start":{"line":82,"column":31},"end":{"line":82,"column":33}}]},"42":{"loc":{"start":{"line":83,"column":20},"end":{"line":83,"column":54}},"type":"cond-expr","locations":[{"start":{"line":83,"column":34},"end":{"line":83,"column":36}},{"start":{"line":83,"column":34},"end":{"line":83,"column":54}}]},"43":{"loc":{"start":{"line":83,"column":20},"end":{"line":83,"column":36}},"type":"binary-expr","locations":[{"start":{"line":83,"column":20},"end":{"line":83,"column":36}},{"start":{"line":83,"column":34},"end":{"line":83,"column":36}}]},"44":{"loc":{"start":{"line":86,"column":14},"end":{"line":86,"column":42}},"type":"cond-expr","locations":[{"start":{"line":86,"column":28},"end":{"line":86,"column":30}},{"start":{"line":86,"column":28},"end":{"line":86,"column":42}}]},"45":{"loc":{"start":{"line":86,"column":14},"end":{"line":86,"column":30}},"type":"binary-expr","locations":[{"start":{"line":86,"column":14},"end":{"line":86,"column":30}},{"start":{"line":86,"column":28},"end":{"line":86,"column":30}}]},"46":{"loc":{"start":{"line":87,"column":16},"end":{"line":87,"column":46}},"type":"cond-expr","locations":[{"start":{"line":87,"column":30},"end":{"line":87,"column":32}},{"start":{"line":87,"column":30},"end":{"line":87,"column":46}}]},"47":{"loc":{"start":{"line":87,"column":16},"end":{"line":87,"column":32}},"type":"binary-expr","locations":[{"start":{"line":87,"column":16},"end":{"line":87,"column":32}},{"start":{"line":87,"column":30},"end":{"line":87,"column":32}}]},"48":{"loc":{"start":{"line":88,"column":17},"end":{"line":88,"column":48}},"type":"cond-expr","locations":[{"start":{"line":88,"column":31},"end":{"line":88,"column":33}},{"start":{"line":88,"column":31},"end":{"line":88,"column":48}}]},"49":{"loc":{"start":{"line":88,"column":17},"end":{"line":88,"column":33}},"type":"binary-expr","locations":[{"start":{"line":88,"column":17},"end":{"line":88,"column":33}},{"start":{"line":88,"column":31},"end":{"line":88,"column":33}}]},"50":{"loc":{"start":{"line":89,"column":20},"end":{"line":89,"column":54}},"type":"cond-expr","locations":[{"start":{"line":89,"column":34},"end":{"line":89,"column":36}},{"start":{"line":89,"column":34},"end":{"line":89,"column":54}}]},"51":{"loc":{"start":{"line":89,"column":20},"end":{"line":89,"column":36}},"type":"binary-expr","locations":[{"start":{"line":89,"column":20},"end":{"line":89,"column":36}},{"start":{"line":89,"column":34},"end":{"line":89,"column":36}}]},"52":{"loc":{"start":{"line":105,"column":23},"end":{"line":105,"column":61}},"type":"cond-expr","locations":[{"start":{"line":105,"column":34},"end":{"line":105,"column":36}},{"start":{"line":105,"column":34},"end":{"line":105,"column":61}}]},"53":{"loc":{"start":{"line":105,"column":23},"end":{"line":105,"column":36}},"type":"binary-expr","locations":[{"start":{"line":105,"column":23},"end":{"line":105,"column":36}},{"start":{"line":105,"column":34},"end":{"line":105,"column":36}}]},"54":{"loc":{"start":{"line":106,"column":25},"end":{"line":106,"column":46}},"type":"cond-expr","locations":[{"start":{"line":106,"column":36},"end":{"line":106,"column":38}},{"start":{"line":106,"column":36},"end":{"line":106,"column":46}}]},"55":{"loc":{"start":{"line":106,"column":25},"end":{"line":106,"column":38}},"type":"binary-expr","locations":[{"start":{"line":106,"column":25},"end":{"line":106,"column":38}},{"start":{"line":106,"column":36},"end":{"line":106,"column":38}}]}},"s":{"0":1,"1":1,"2":0,"3":0,"4":0,"5":0,"6":0,"7":0,"8":1,"9":1,"10":10,"11":10,"12":1,"13":0,"14":0,"15":0,"16":0,"17":0,"18":0,"19":0,"20":0,"21":0,"22":0,"23":0,"24":0,"25":0,"26":1},"f":{"0":0,"1":1,"2":10,"3":0,"4":0,"5":0,"6":0},"b":{"0":[0,0],"1":[0,0],"2":[0,0],"3":[0,0],"4":[9,1],"5":[10,1],"6":[9,1],"7":[10,1],"8":[9,1],"9":[10,1],"10":[9,1],"11":[10,1],"12":[9,1],"13":[10,1],"14":[9,1],"15":[10,1],"16":[9,1],"17":[10,1],"18":[9,1],"19":[10,1],"20":[10,0],"21":[10,0],"22":[10,0],"23":[10,0],"24":[10,0],"25":[10,0],"26":[10,0],"27":[10,0],"28":[0,0],"29":[0,0],"30":[0,0],"31":[0,0],"32":[0,0],"33":[0,0],"34":[0,0],"35":[0,0],"36":[0,0],"37":[0,0],"38":[0,0],"39":[0,0],"40":[0,0],"41":[0,0],"42":[0,0],"43":[0,0],"44":[0,0],"45":[0,0],"46":[0,0],"47":[0,0],"48":[0,0],"49":[0,0],"50":[0,0],"51":[0,0],"52":[0,0],"53":[0,0],"54":[0,0],"55":[0,0]}}
,"C:\\Users\\Wahyu Kusuma\\Documents\\Car_BE\\src\\utils\\checker.ts": {"path":"C:\\Users\\Wahyu Kusuma\\Documents\\Car_BE\\src\\utils\\checker.ts","statementMap":{"0":{"start":{"line":4,"column":2},"end":{"line":4,"column":53}},"1":{"start":{"line":7,"column":9},"end":{"line":7,"column":20}}},"fnMap":{"0":{"name":"isErrorType","decl":{"start":{"line":3,"column":9},"end":{"line":3,"column":20}},"loc":{"start":{"line":3,"column":32},"end":{"line":5,"column":1}}}},"branchMap":{"0":{"loc":{"start":{"line":4,"column":9},"end":{"line":4,"column":52}},"type":"binary-expr","locations":[{"start":{"line":4,"column":9},"end":{"line":4,"column":29}},{"start":{"line":4,"column":33},"end":{"line":4,"column":52}}]}},"s":{"0":0,"1":1},"f":{"0":0},"b":{"0":[0,0]}}
,"C:\\Users\\Wahyu Kusuma\\Documents\\Car_BE\\src\\utils\\fileUploadsCloudinary.ts": {"path":"C:\\Users\\Wahyu Kusuma\\Documents\\Car_BE\\src\\utils\\fileUploadsCloudinary.ts","statementMap":{"0":{"start":{"line":1,"column":0},"end":{"line":1,"column":28}},"1":{"start":{"line":3,"column":16},"end":{"line":3,"column":38}},"2":{"start":{"line":5,"column":0},"end":{"line":5,"column":35}}},"fnMap":{},"branchMap":{},"s":{"0":1,"1":1,"2":1},"f":{},"b":{}}
}
