TN:
SF:config\cloudinary.ts
FNF:0
FNH:0
DA:1,1
DA:2,1
DA:3,1
DA:5,1
DA:12,1
LF:5
LH:5
BRF:0
BRH:0
end_of_record
TN:
SF:config\postgreesql.ts
FNF:0
FNH:0
DA:1,2
DA:2,2
DA:3,2
DA:5,2
DA:14,2
LF:5
LH:5
BRF:0
BRH:0
end_of_record
TN:
SF:src\app.ts
FNF:0
FNH:0
DA:1,1
DA:2,1
DA:3,1
DA:5,1
DA:6,1
DA:7,1
DA:8,1
DA:9,1
DA:11,1
DA:12,1
DA:15,1
DA:16,1
DA:19,1
DA:20,1
DA:26,1
DA:34,1
DA:35,1
DA:42,1
DA:50,1
DA:59,1
DA:65,1
DA:66,1
DA:67,1
DA:78,1
LF:24
LH:24
BRF:0
BRH:0
end_of_record
TN:
SF:src\handlers\auth.ts
FN:9,(anonymous_8)
FN:70,(anonymous_10)
FN:144,(anonymous_12)
FN:168,(anonymous_14)
FNF:4
FNH:0
FNDA:0,(anonymous_8)
FNDA:0,(anonymous_10)
FNDA:0,(anonymous_12)
FNDA:0,(anonymous_14)
DA:4,1
DA:5,1
DA:10,0
DA:13,0
DA:14,0
DA:22,0
DA:25,0
DA:26,0
DA:33,0
DA:36,0
DA:37,0
DA:45,0
DA:48,0
DA:50,0
DA:51,0
DA:57,0
DA:59,0
DA:67,0
DA:71,0
DA:73,0
DA:74,0
DA:82,0
DA:85,0
DA:86,0
DA:94,0
DA:97,0
DA:98,0
DA:105,0
DA:108,0
DA:109,0
DA:117,0
DA:120,0
DA:122,0
DA:123,0
DA:129,0
DA:131,0
DA:139,0
DA:145,0
DA:147,0
DA:149,0
DA:150,0
DA:156,0
DA:158,0
DA:164,0
DA:169,0
DA:177,0
DA:181,1
LF:47
LH:3
BRDA:13,0,0,0
BRDA:25,1,0,0
BRDA:36,2,0,0
BRDA:50,3,0,0
BRDA:50,3,1,0
BRDA:73,4,0,0
BRDA:85,5,0,0
BRDA:97,6,0,0
BRDA:108,7,0,0
BRDA:122,8,0,0
BRDA:122,8,1,0
BRDA:149,9,0,0
BRDA:149,9,1,0
BRF:13
BRH:0
end_of_record
TN:
SF:src\handlers\cars.ts
FN:9,(anonymous_8)
FN:50,(anonymous_10)
FN:64,(anonymous_12)
FN:88,(anonymous_14)
FN:147,(anonymous_16)
FNF:5
FNH:1
FNDA:0,(anonymous_8)
FNDA:1,(anonymous_10)
FNDA:0,(anonymous_12)
FNDA:0,(anonymous_14)
FNDA:0,(anonymous_16)
DA:5,1
DA:10,0
DA:11,0
DA:12,0
DA:13,0
DA:15,0
DA:23,0
DA:31,0
DA:34,0
DA:36,0
DA:38,0
DA:46,0
DA:51,1
DA:53,1
DA:61,1
DA:65,0
DA:67,0
DA:69,0
DA:70,0
DA:75,0
DA:77,0
DA:84,0
DA:89,0
DA:90,0
DA:91,0
DA:92,0
DA:93,0
DA:96,0
DA:104,0
DA:111,0
DA:114,0
DA:115,0
DA:119,0
DA:126,0
DA:127,0
DA:132,0
DA:135,0
DA:143,0
DA:148,0
DA:149,0
DA:151,0
DA:152,0
DA:157,0
DA:160,0
DA:168,0
DA:172,1
LF:46
LH:5
BRDA:15,0,0,0
BRDA:17,1,0,0
BRDA:17,1,1,0
BRDA:17,1,2,0
BRDA:17,1,3,0
BRDA:69,2,0,0
BRDA:96,3,0,0
BRDA:98,4,0,0
BRDA:98,4,1,0
BRDA:98,4,2,0
BRDA:98,4,3,0
BRDA:123,5,0,0
BRDA:123,5,1,0
BRDA:123,6,0,0
BRDA:123,6,1,0
BRDA:126,7,0,0
BRDA:151,8,0,0
BRF:17
BRH:0
end_of_record
TN:
SF:src\middlewares\auth.ts
FN:7,(anonymous_8)
FN:48,(anonymous_10)
FN:102,(anonymous_12)
FNF:3
FNH:0
FNDA:0,(anonymous_8)
FNDA:0,(anonymous_10)
FNDA:0,(anonymous_12)
DA:2,1
DA:3,1
DA:10,0
DA:13,0
DA:14,0
DA:16,0
DA:23,0
DA:24,0
DA:26,0
DA:28,0
DA:30,0
DA:31,0
DA:36,0
DA:38,0
DA:40,0
DA:55,0
DA:58,0
DA:59,0
DA:61,0
DA:68,0
DA:69,0
DA:71,0
DA:73,0
DA:75,0
DA:76,0
DA:83,0
DA:84,0
DA:91,0
DA:93,0
DA:95,0
DA:109,0
DA:112,0
DA:113,0
DA:115,0
DA:122,0
DA:123,0
DA:125,0
DA:127,0
DA:129,0
DA:130,0
DA:137,0
DA:138,0
DA:145,0
DA:147,0
DA:149,0
DA:158,1
LF:46
LH:3
BRDA:13,0,0,0
BRDA:13,0,1,0
BRDA:13,1,0,0
BRDA:13,1,1,0
BRDA:30,2,0,0
BRDA:58,3,0,0
BRDA:58,3,1,0
BRDA:58,4,0,0
BRDA:58,4,1,0
BRDA:75,5,0,0
BRDA:83,6,0,0
BRDA:83,7,0,0
BRDA:83,7,1,0
BRDA:112,8,0,0
BRDA:112,8,1,0
BRDA:112,9,0,0
BRDA:112,9,1,0
BRDA:129,10,0,0
BRDA:137,11,0,0
BRF:19
BRH:0
end_of_record
TN:
SF:src\models\entity\car.ts
FN:21,(anonymous_1)
FN:24,(anonymous_2)
FNF:2
FNH:2
FNDA:134,(anonymous_1)
FNDA:2,(anonymous_2)
DA:1,2
DA:2,2
DA:3,2
DA:5,2
DA:22,134
DA:25,2
DA:54,2
LF:7
LH:7
BRF:0
BRH:0
end_of_record
TN:
SF:src\models\entity\user.ts
FN:11,(anonymous_1)
FNF:1
FNH:1
FNDA:78,(anonymous_1)
DA:1,2
DA:2,2
DA:4,2
DA:12,78
DA:16,2
LF:5
LH:5
BRF:0
BRH:0
end_of_record
TN:
SF:src\repositories\cars.ts
FN:4,(anonymous_7)
FN:7,(anonymous_8)
FN:21,(anonymous_10)
FN:28,(anonymous_12)
FN:36,(anonymous_14)
FN:57,(anonymous_16)
FNF:6
FNH:5
FNDA:0,(anonymous_7)
FNDA:4,(anonymous_8)
FNDA:1,(anonymous_10)
FNDA:3,(anonymous_12)
FNDA:1,(anonymous_14)
FNDA:4,(anonymous_16)
DA:1,2
DA:8,4
DA:17,4
DA:22,1
DA:25,1
DA:29,3
DA:32,3
DA:37,1
DA:41,1
DA:42,1
DA:50,1
DA:52,0
DA:60,4
DA:63,4
DA:64,4
DA:65,4
DA:67,0
DA:72,2
LF:18
LH:16
BRDA:41,0,0,1
BRDA:41,0,1,0
BRDA:63,1,0,4
BRDA:63,1,1,0
BRF:4
BRH:2
end_of_record
TN:
SF:src\repositories\users.ts
FN:6,(anonymous_7)
FN:18,(anonymous_9)
FN:23,(anonymous_11)
FNF:3
FNH:0
FNDA:0,(anonymous_7)
FNDA:0,(anonymous_9)
FNDA:0,(anonymous_11)
DA:1,1
DA:2,1
DA:7,0
DA:14,0
DA:19,0
DA:20,0
DA:24,0
DA:28,0
DA:29,0
DA:32,0
DA:36,1
LF:11
LH:3
BRDA:28,0,0,0
BRF:1
BRH:0
end_of_record
TN:
SF:src\services\auth.ts
FN:12,(anonymous_8)
FN:65,(anonymous_10)
FN:102,(anonymous_12)
FNF:3
FNH:0
FNDA:0,(anonymous_8)
FNDA:0,(anonymous_10)
FNDA:0,(anonymous_12)
DA:5,1
DA:6,1
DA:7,1
DA:9,1
DA:13,0
DA:15,0
DA:16,0
DA:19,0
DA:21,0
DA:22,0
DA:26,0
DA:31,0
DA:32,0
DA:36,0
DA:37,0
DA:39,0
DA:49,0
DA:53,0
DA:56,0
DA:61,0
DA:68,0
DA:70,0
DA:72,0
DA:73,0
DA:75,0
DA:76,0
DA:79,0
DA:82,0
DA:89,0
DA:91,0
DA:94,0
DA:99,0
DA:103,0
DA:105,0
DA:107,0
DA:108,0
DA:110,0
DA:111,0
DA:115,0
DA:118,0
DA:125,0
DA:127,0
DA:130,0
DA:135,0
DA:140,1
LF:45
LH:5
BRDA:15,0,0,0
BRDA:16,1,0,0
BRDA:21,2,0,0
BRDA:31,3,0,0
BRDA:72,4,0,0
BRDA:75,5,0,0
BRDA:107,6,0,0
BRDA:110,7,0,0
BRF:8
BRH:0
end_of_record
TN:
SF:src\services\cars.ts
FN:8,(anonymous_8)
FN:28,(anonymous_10)
FN:31,(anonymous_12)
FN:64,(anonymous_13)
FN:66,(anonymous_15)
FN:101,(anonymous_16)
FN:123,(anonymous_18)
FNF:7
FNH:2
FNDA:0,(anonymous_8)
FNDA:1,(anonymous_10)
FNDA:10,(anonymous_12)
FNDA:0,(anonymous_13)
FNDA:0,(anonymous_15)
FNDA:0,(anonymous_16)
FNDA:0,(anonymous_18)
DA:3,1
DA:4,1
DA:9,0
DA:10,0
DA:12,0
DA:14,0
DA:22,0
DA:24,0
DA:29,1
DA:31,1
DA:32,10
DA:60,10
DA:62,1
DA:65,0
DA:66,0
DA:67,0
DA:95,0
DA:97,0
DA:105,0
DA:106,0
DA:108,0
DA:110,0
DA:118,0
DA:119,0
DA:126,0
DA:127,0
DA:131,1
LF:27
LH:8
BRDA:9,0,0,0
BRDA:9,0,1,0
BRDA:9,1,0,0
BRDA:9,1,1,0
BRDA:10,2,0,0
BRDA:10,2,1,0
BRDA:10,3,0,0
BRDA:10,3,1,0
BRDA:39,4,0,9
BRDA:39,4,1,1
BRDA:39,5,0,10
BRDA:39,5,1,1
BRDA:40,6,0,9
BRDA:40,6,1,1
BRDA:40,7,0,10
BRDA:40,7,1,1
BRDA:41,8,0,9
BRDA:41,8,1,1
BRDA:41,9,0,10
BRDA:41,9,1,1
BRDA:42,10,0,9
BRDA:42,10,1,1
BRDA:42,11,0,10
BRDA:42,11,1,1
BRDA:45,12,0,9
BRDA:45,12,1,1
BRDA:45,13,0,10
BRDA:45,13,1,1
BRDA:46,14,0,9
BRDA:46,14,1,1
BRDA:46,15,0,10
BRDA:46,15,1,1
BRDA:47,16,0,9
BRDA:47,16,1,1
BRDA:47,17,0,10
BRDA:47,17,1,1
BRDA:48,18,0,9
BRDA:48,18,1,1
BRDA:48,19,0,10
BRDA:48,19,1,1
BRDA:51,20,0,10
BRDA:51,20,1,0
BRDA:51,21,0,10
BRDA:51,21,1,0
BRDA:52,22,0,10
BRDA:52,22,1,0
BRDA:52,23,0,10
BRDA:52,23,1,0
BRDA:53,24,0,10
BRDA:53,24,1,0
BRDA:53,25,0,10
BRDA:53,25,1,0
BRDA:54,26,0,10
BRDA:54,26,1,0
BRDA:54,27,0,10
BRDA:54,27,1,0
BRDA:74,28,0,0
BRDA:74,28,1,0
BRDA:74,29,0,0
BRDA:74,29,1,0
BRDA:75,30,0,0
BRDA:75,30,1,0
BRDA:75,31,0,0
BRDA:75,31,1,0
BRDA:76,32,0,0
BRDA:76,32,1,0
BRDA:76,33,0,0
BRDA:76,33,1,0
BRDA:77,34,0,0
BRDA:77,34,1,0
BRDA:77,35,0,0
BRDA:77,35,1,0
BRDA:80,36,0,0
BRDA:80,36,1,0
BRDA:80,37,0,0
BRDA:80,37,1,0
BRDA:81,38,0,0
BRDA:81,38,1,0
BRDA:81,39,0,0
BRDA:81,39,1,0
BRDA:82,40,0,0
BRDA:82,40,1,0
BRDA:82,41,0,0
BRDA:82,41,1,0
BRDA:83,42,0,0
BRDA:83,42,1,0
BRDA:83,43,0,0
BRDA:83,43,1,0
BRDA:86,44,0,0
BRDA:86,44,1,0
BRDA:86,45,0,0
BRDA:86,45,1,0
BRDA:87,46,0,0
BRDA:87,46,1,0
BRDA:87,47,0,0
BRDA:87,47,1,0
BRDA:88,48,0,0
BRDA:88,48,1,0
BRDA:88,49,0,0
BRDA:88,49,1,0
BRDA:89,50,0,0
BRDA:89,50,1,0
BRDA:89,51,0,0
BRDA:89,51,1,0
BRDA:105,52,0,0
BRDA:105,52,1,0
BRDA:105,53,0,0
BRDA:105,53,1,0
BRDA:106,54,0,0
BRDA:106,54,1,0
BRDA:106,55,0,0
BRDA:106,55,1,0
BRF:112
BRH:40
end_of_record
TN:
SF:src\utils\checker.ts
FN:3,isErrorType
FNF:1
FNH:0
FNDA:0,isErrorType
DA:4,0
DA:7,1
LF:2
LH:1
BRDA:4,0,0,0
BRDA:4,0,1,0
BRF:2
BRH:0
end_of_record
TN:
SF:src\utils\fileUploadsCloudinary.ts
FNF:0
FNH:0
DA:1,1
DA:3,1
DA:5,1
LF:3
LH:3
BRF:0
BRH:0
end_of_record
